# JRE version: OpenJDK Runtime Environment (11.0.12+7) (build 11.0.12+7-b1504.28-7817840)
# Java VM: OpenJDK 64-Bit Server VM (11.0.12+7-b1504.28-7817840, mixed mode, tiered, compressed oops, g1 gc, windows-amd64)
Heap:
 garbage-first heap   total 227328K, used 138752K [0x0000000080000000, 0x0000000100000000)
  region size 1024K, 11 young (11264K), 9 survivors (9216K)
 Metaspace       used 95016K, capacity 97139K, committed 97228K, reserved 1134592K
  class space    used 12129K, capacity 12950K, committed 13004K, reserved 1048576K
GC Heap History (20 events):
Event: 11.065 GC heap before
{Heap before GC invocations=12 (full 0):
 garbage-first heap   total 189440K, used 76758K [0x0000000080000000, 0x0000000100000000)
  region size 1024K, 38 young (38912K), 12 survivors (12288K)
 Metaspace       used 58732K, capacity 60064K, committed 60160K, reserved 1101824K
  class space    used 7392K, capacity 7882K, committed 7936K, reserved 1048576K
}
Event: 11.086 GC heap after
{Heap after GC invocations=13 (full 0):
 garbage-first heap   total 189440K, used 53248K [0x0000000080000000, 0x0000000100000000)
  region size 1024K, 2 young (2048K), 2 survivors (2048K)
 Metaspace       used 58732K, capacity 60064K, committed 60160K, reserved 1101824K
  class space    used 7392K, capacity 7882K, committed 7936K, reserved 1048576K
}
Event: 12.210 GC heap before
{Heap before GC invocations=14 (full 0):
 garbage-first heap   total 189440K, used 116736K [0x0000000080000000, 0x0000000100000000)
  region size 1024K, 65 young (66560K), 2 survivors (2048K)
 Metaspace       used 65345K, capacity 66855K, committed 67020K, reserved 1107968K
  class space    used 8237K, capacity 8798K, committed 8908K, reserved 1048576K
}
Event: 12.221 GC heap after
{Heap after GC invocations=15 (full 0):
 garbage-first heap   total 189440K, used 57344K [0x0000000080000000, 0x0000000100000000)
  region size 1024K, 6 young (6144K), 6 survivors (6144K)
 Metaspace       used 65345K, capacity 66855K, committed 67020K, reserved 1107968K
  class space    used 8237K, capacity 8798K, committed 8908K, reserved 1048576K
}
Event: 13.176 GC heap before
{Heap before GC invocations=16 (full 0):
 garbage-first heap   total 189440K, used 124928K [0x0000000080000000, 0x0000000100000000)
  region size 1024K, 71 young (72704K), 6 survivors (6144K)
 Metaspace       used 68991K, capacity 70568K, committed 70860K, reserved 1110016K
  class space    used 8727K, capacity 9345K, committed 9420K, reserved 1048576K
}
Event: 13.191 GC heap after
{Heap after GC invocations=17 (full 0):
 garbage-first heap   total 189440K, used 61931K [0x0000000080000000, 0x0000000100000000)
  region size 1024K, 5 young (5120K), 5 survivors (5120K)
 Metaspace       used 68991K, capacity 70568K, committed 70860K, reserved 1110016K
  class space    used 8727K, capacity 9345K, committed 9420K, reserved 1048576K
}
Event: 14.242 GC heap before
{Heap before GC invocations=17 (full 0):
 garbage-first heap   total 189440K, used 129515K [0x0000000080000000, 0x0000000100000000)
  region size 1024K, 71 young (72704K), 5 survivors (5120K)
 Metaspace       used 74712K, capacity 76250K, committed 76364K, reserved 1116160K
  class space    used 9621K, capacity 10233K, committed 10316K, reserved 1048576K
}
Event: 14.255 GC heap after
{Heap after GC invocations=18 (full 0):
 garbage-first heap   total 189440K, used 65951K [0x0000000080000000, 0x0000000100000000)
  region size 1024K, 9 young (9216K), 9 survivors (9216K)
 Metaspace       used 74712K, capacity 76250K, committed 76364K, reserved 1116160K
  class space    used 9621K, capacity 10233K, committed 10316K, reserved 1048576K
}
Event: 15.382 GC heap before
{Heap before GC invocations=18 (full 0):
 garbage-first heap   total 189440K, used 134559K [0x0000000080000000, 0x0000000100000000)
  region size 1024K, 76 young (77824K), 9 survivors (9216K)
 Metaspace       used 80942K, capacity 82570K, committed 82892K, reserved 1120256K
  class space    used 10514K, capacity 11141K, committed 11212K, reserved 1048576K
}
Event: 15.401 GC heap after
{Heap after GC invocations=19 (full 0):
 garbage-first heap   total 189440K, used 69694K [0x0000000080000000, 0x0000000100000000)
  region size 1024K, 8 young (8192K), 8 survivors (8192K)
 Metaspace       used 80942K, capacity 82570K, committed 82892K, reserved 1120256K
  class space    used 10514K, capacity 11141K, committed 11212K, reserved 1048576K
}
Event: 16.689 GC heap before
{Heap before GC invocations=19 (full 0):
 garbage-first heap   total 189440K, used 138302K [0x0000000080000000, 0x0000000100000000)
  region size 1024K, 76 young (77824K), 8 survivors (8192K)
 Metaspace       used 87718K, capacity 89610K, committed 89676K, reserved 1126400K
  class space    used 11310K, capacity 12043K, committed 12108K, reserved 1048576K
}
Event: 16.719 GC heap after
{Heap after GC invocations=20 (full 0):
 garbage-first heap   total 189440K, used 76968K [0x0000000080000000, 0x0000000100000000)
  region size 1024K, 10 young (10240K), 10 survivors (10240K)
 Metaspace       used 87718K, capacity 89610K, committed 89676K, reserved 1126400K
  class space    used 11310K, capacity 12043K, committed 12108K, reserved 1048576K
}
Event: 18.643 GC heap before
{Heap before GC invocations=20 (full 0):
 garbage-first heap   total 189440K, used 142504K [0x0000000080000000, 0x0000000100000000)
  region size 1024K, 75 young (76800K), 10 survivors (10240K)
 Metaspace       used 89819K, capacity 91916K, committed 92108K, reserved 1128448K
  class space    used 11591K, capacity 12426K, committed 12492K, reserved 1048576K
}
Event: 18.669 GC heap after
{Heap after GC invocations=21 (full 0):
 garbage-first heap   total 227328K, used 83540K [0x0000000080000000, 0x0000000100000000)
  region size 1024K, 6 young (6144K), 6 survivors (6144K)
 Metaspace       used 89819K, capacity 91916K, committed 92108K, reserved 1128448K
  class space    used 11591K, capacity 12426K, committed 12492K, reserved 1048576K
}
Event: 22.363 GC heap before
{Heap before GC invocations=21 (full 0):
 garbage-first heap   total 227328K, used 160340K [0x0000000080000000, 0x0000000100000000)
  region size 1024K, 82 young (83968K), 6 survivors (6144K)
 Metaspace       used 91905K, capacity 94032K, committed 94412K, reserved 1130496K
  class space    used 11803K, capacity 12618K, committed 12748K, reserved 1048576K
}
Event: 22.381 GC heap after
{Heap after GC invocations=22 (full 0):
 garbage-first heap   total 227328K, used 90112K [0x0000000080000000, 0x0000000100000000)
  region size 1024K, 11 young (11264K), 11 survivors (11264K)
 Metaspace       used 91905K, capacity 94032K, committed 94412K, reserved 1130496K
  class space    used 11803K, capacity 12618K, committed 12748K, reserved 1048576K
}
Event: 24.785 GC heap before
{Heap before GC invocations=22 (full 0):
 garbage-first heap   total 227328K, used 177152K [0x0000000080000000, 0x0000000100000000)
  region size 1024K, 86 young (88064K), 11 survivors (11264K)
 Metaspace       used 92648K, capacity 94773K, committed 94924K, reserved 1132544K
  class space    used 11853K, capacity 12652K, committed 12748K, reserved 1048576K
}
Event: 24.823 GC heap after
{Heap after GC invocations=23 (full 0):
 garbage-first heap   total 227328K, used 110518K [0x0000000080000000, 0x0000000100000000)
  region size 1024K, 11 young (11264K), 11 survivors (11264K)
 Metaspace       used 92648K, capacity 94773K, committed 94924K, reserved 1132544K
  class space    used 11853K, capacity 12652K, committed 12748K, reserved 1048576K
}
Event: 27.483 GC heap before
{Heap before GC invocations=23 (full 0):
 garbage-first heap   total 227328K, used 153526K [0x0000000080000000, 0x0000000100000000)
  region size 1024K, 54 young (55296K), 11 survivors (11264K)
 Metaspace       used 94869K, capacity 97011K, committed 97228K, reserved 1134592K
  class space    used 12122K, capacity 12950K, committed 13004K, reserved 1048576K
}
Event: 27.521 GC heap after
{Heap after GC invocations=24 (full 0):
 garbage-first heap   total 227328K, used 121344K [0x0000000080000000, 0x0000000100000000)
  region size 1024K, 9 young (9216K), 9 survivors (9216K)
 Metaspace       used 94869K, capacity 97011K, committed 97228K, reserved 1134592K
  class space    used 12122K, capacity 12950K, committed 13004K, reserved 1048576K
}

